# Logfile created on 2014-01-21 07:00:02 +0100 by logger.rb/44203
I, [2014-01-21T07:00:02.250108 #1845]  INFO -- : 0:  rake (10.1.0) from /Users/serkan/.rvm/rubies/ruby-2.1.0/lib/ruby/gems/2.1.0/specifications/default/rake-10.1.0.gemspec
I, [2014-01-21T07:00:02.250415 #1845]  INFO -- : 0:  i18n (0.6.5) from /Users/serkan/.rvm/gems/ruby-2.1.0/specifications/i18n-0.6.5.gemspec
I, [2014-01-21T07:00:02.250648 #1845]  INFO -- : 0:  minitest (4.7.5) from /Users/serkan/.rvm/rubies/ruby-2.1.0/lib/ruby/gems/2.1.0/specifications/default/minitest-4.7.5.gemspec
I, [2014-01-21T07:00:02.250881 #1845]  INFO -- : 0:  multi_json (1.8.2) from /Users/serkan/.rvm/gems/ruby-2.1.0/specifications/multi_json-1.8.2.gemspec
I, [2014-01-21T07:00:02.251108 #1845]  INFO -- : 0:  atomic (1.1.14) from /Users/serkan/.rvm/gems/ruby-2.1.0/specifications/atomic-1.1.14.gemspec
I, [2014-01-21T07:00:02.251337 #1845]  INFO -- : 0:  thread_safe (0.1.3) from /Users/serkan/.rvm/gems/ruby-2.1.0/specifications/thread_safe-0.1.3.gemspec
I, [2014-01-21T07:00:02.251565 #1845]  INFO -- : 0:  tzinfo (0.3.38) from /Users/serkan/.rvm/gems/ruby-2.1.0/specifications/tzinfo-0.3.38.gemspec
I, [2014-01-21T07:00:02.251793 #1845]  INFO -- : 0:  activesupport (4.0.0) from /Users/serkan/.rvm/gems/ruby-2.1.0/specifications/activesupport-4.0.0.gemspec
I, [2014-01-21T07:00:02.252015 #1845]  INFO -- : 0:  builder (3.1.4) from /Users/serkan/.rvm/gems/ruby-2.1.0/specifications/builder-3.1.4.gemspec
I, [2014-01-21T07:00:02.252236 #1845]  INFO -- : 0:  erubis (2.7.0) from /Users/serkan/.rvm/gems/ruby-2.1.0/specifications/erubis-2.7.0.gemspec
I, [2014-01-21T07:00:02.252461 #1845]  INFO -- : 0:  rack (1.5.2) from /Users/serkan/.rvm/gems/ruby-2.1.0/specifications/rack-1.5.2.gemspec
I, [2014-01-21T07:00:02.252681 #1845]  INFO -- : 0:  rack-test (0.6.2) from /Users/serkan/.rvm/gems/ruby-2.1.0/specifications/rack-test-0.6.2.gemspec
I, [2014-01-21T07:00:02.252909 #1845]  INFO -- : 0:  actionpack (4.0.0) from /Users/serkan/.rvm/gems/ruby-2.1.0/specifications/actionpack-4.0.0.gemspec
I, [2014-01-21T07:00:02.253137 #1845]  INFO -- : 0:  mime-types (1.25.1) from /Users/serkan/.rvm/gems/ruby-2.1.0/specifications/mime-types-1.25.1.gemspec
I, [2014-01-21T07:00:02.253356 #1845]  INFO -- : 0:  polyglot (0.3.3) from /Users/serkan/.rvm/gems/ruby-2.1.0/specifications/polyglot-0.3.3.gemspec
I, [2014-01-21T07:00:02.253570 #1845]  INFO -- : 0:  treetop (1.4.15) from /Users/serkan/.rvm/gems/ruby-2.1.0/specifications/treetop-1.4.15.gemspec
I, [2014-01-21T07:00:02.253793 #1845]  INFO -- : 0:  mail (2.5.4) from /Users/serkan/.rvm/gems/ruby-2.1.0/specifications/mail-2.5.4.gemspec
I, [2014-01-21T07:00:02.254013 #1845]  INFO -- : 0:  actionmailer (4.0.0) from /Users/serkan/.rvm/gems/ruby-2.1.0/specifications/actionmailer-4.0.0.gemspec
I, [2014-01-21T07:00:02.254242 #1845]  INFO -- : 0:  activemodel (4.0.0) from /Users/serkan/.rvm/gems/ruby-2.1.0/specifications/activemodel-4.0.0.gemspec
I, [2014-01-21T07:00:02.254467 #1845]  INFO -- : 0:  activerecord-deprecated_finders (1.0.3) from /Users/serkan/.rvm/gems/ruby-2.1.0/specifications/activerecord-deprecated_finders-1.0.3.gemspec
I, [2014-01-21T07:00:02.254692 #1845]  INFO -- : 0:  arel (4.0.1) from /Users/serkan/.rvm/gems/ruby-2.1.0/specifications/arel-4.0.1.gemspec
I, [2014-01-21T07:00:02.254911 #1845]  INFO -- : 0:  activerecord (4.0.0) from /Users/serkan/.rvm/gems/ruby-2.1.0/specifications/activerecord-4.0.0.gemspec
I, [2014-01-21T07:00:02.255141 #1845]  INFO -- : 0:  coffee-script-source (1.6.3) from /Users/serkan/.rvm/gems/ruby-2.1.0/specifications/coffee-script-source-1.6.3.gemspec
I, [2014-01-21T07:00:02.255363 #1845]  INFO -- : 0:  execjs (2.0.2) from /Users/serkan/.rvm/gems/ruby-2.1.0/specifications/execjs-2.0.2.gemspec
I, [2014-01-21T07:00:02.255585 #1845]  INFO -- : 0:  coffee-script (2.2.0) from /Users/serkan/.rvm/gems/ruby-2.1.0/specifications/coffee-script-2.2.0.gemspec
I, [2014-01-21T07:00:02.255802 #1845]  INFO -- : 0:  thor (0.18.1) from /Users/serkan/.rvm/gems/ruby-2.1.0/specifications/thor-0.18.1.gemspec
I, [2014-01-21T07:00:02.256030 #1845]  INFO -- : 0:  railties (4.0.0) from /Users/serkan/.rvm/gems/ruby-2.1.0/specifications/railties-4.0.0.gemspec
I, [2014-01-21T07:00:02.256255 #1845]  INFO -- : 0:  coffee-rails (4.0.1) from /Users/serkan/.rvm/gems/ruby-2.1.0/specifications/coffee-rails-4.0.1.gemspec
I, [2014-01-21T07:00:02.256476 #1845]  INFO -- : 0:  hike (1.2.3) from /Users/serkan/.rvm/gems/ruby-2.1.0/specifications/hike-1.2.3.gemspec
I, [2014-01-21T07:00:02.256693 #1845]  INFO -- : 0:  jbuilder (1.5.2) from /Users/serkan/.rvm/gems/ruby-2.1.0/specifications/jbuilder-1.5.2.gemspec
I, [2014-01-21T07:00:02.256921 #1845]  INFO -- : 0:  jquery-rails (3.0.4) from /Users/serkan/.rvm/gems/ruby-2.1.0/specifications/jquery-rails-3.0.4.gemspec
I, [2014-01-21T07:00:02.257136 #1845]  INFO -- : 0:  json (1.8.1) from /Users/serkan/.rvm/rubies/ruby-2.1.0/lib/ruby/gems/2.1.0/specifications/default/json-1.8.1.gemspec
I, [2014-01-21T07:00:02.257348 #1845]  INFO -- : 0:  bundler (1.5.1) from /Users/serkan/.rvm/gems/ruby-2.1.0@global/specifications/bundler-1.5.1.gemspec
I, [2014-01-21T07:00:02.257603 #1845]  INFO -- : 0:  tilt (1.4.1) from /Users/serkan/.rvm/gems/ruby-2.1.0/specifications/tilt-1.4.1.gemspec
I, [2014-01-21T07:00:02.257828 #1845]  INFO -- : 0:  sprockets (2.10.1) from /Users/serkan/.rvm/gems/ruby-2.1.0/specifications/sprockets-2.10.1.gemspec
I, [2014-01-21T07:00:02.258053 #1845]  INFO -- : 0:  sprockets-rails (2.0.1) from /Users/serkan/.rvm/gems/ruby-2.1.0/specifications/sprockets-rails-2.0.1.gemspec
I, [2014-01-21T07:00:02.258270 #1845]  INFO -- : 0:  rails (4.0.0) from /Users/serkan/.rvm/gems/ruby-2.1.0/specifications/rails-4.0.0.gemspec
I, [2014-01-21T07:00:02.258495 #1845]  INFO -- : 0:  rdoc (3.12.2) from /Users/serkan/.rvm/gems/ruby-2.1.0/specifications/rdoc-3.12.2.gemspec
I, [2014-01-21T07:00:02.258737 #1845]  INFO -- : 0:  sass (3.2.12) from /Users/serkan/.rvm/gems/ruby-2.1.0/specifications/sass-3.2.12.gemspec
I, [2014-01-21T07:00:02.258970 #1845]  INFO -- : 0:  sass-rails (4.0.1) from /Users/serkan/.rvm/gems/ruby-2.1.0/specifications/sass-rails-4.0.1.gemspec
I, [2014-01-21T07:00:02.259202 #1845]  INFO -- : 0:  sdoc (0.3.20) from /Users/serkan/.rvm/gems/ruby-2.1.0/specifications/sdoc-0.3.20.gemspec
I, [2014-01-21T07:00:02.259427 #1845]  INFO -- : 0:  sqlite3 (1.3.8) from /Users/serkan/.rvm/gems/ruby-2.1.0/specifications/sqlite3-1.3.8.gemspec
I, [2014-01-21T07:00:02.259658 #1845]  INFO -- : 0:  turbolinks (1.3.1) from /Users/serkan/.rvm/gems/ruby-2.1.0/specifications/turbolinks-1.3.1.gemspec
I, [2014-01-21T07:00:04.336283 #1845]  INFO -- : 0:  uglifier (2.3.2) from /Users/serkan/.rvm/gems/ruby-2.1.0/specifications/uglifier-2.3.2.gemspec
